
/home/runner/work/exp-clay-present-in-base-sand-dei/exp-clay-present-in-base-sand-dei/experiment/simulation/js/main.js
    5:10  warning  'dispmenu' is defined but never used       no-unused-vars
   25:1   warning  Mixed spaces and tabs                      no-mixed-spaces-and-tabs
   28:10  warning  'water' is defined but never used          no-unused-vars
   37:10  warning  'naohSol' is defined but never used        no-unused-vars
   51:10  warning  'okNoah' is defined but never used         no-unused-vars
   64:10  warning  'weightMachine' is defined but never used  no-unused-vars
   78:10  warning  'okSand' is defined but never used         no-unused-vars
   91:10  warning  'sandSample' is defined but never used     no-unused-vars
   98:10  warning  'sandFlask' is defined but never used      no-unused-vars
  107:10  warning  'sandNaoh' is defined but never used       no-unused-vars
  116:10  warning  'clayWasher' is defined but never used     no-unused-vars
  123:10  warning  'clayMixer' is defined but never used      no-unused-vars
  130:10  warning  'stopMixer' is defined but never used      no-unused-vars
  139:10  warning  'pourWater' is defined but never used      no-unused-vars
  148:10  warning  'oven' is defined but never used           no-unused-vars
  157:10  warning  'driedSand' is defined but never used      no-unused-vars
  166:10  warning  'result' is defined but never used         no-unused-vars
  173:10  warning  'resetfun' is defined but never used       no-unused-vars

✖ 18 problems (0 errors, 18 warnings)

